SF:c:\Users\Connor\projects\SmartExcelAnalyzer\Backend\API\Middleware\ExceptionMiddleware.cs
FN:53,System.Threading.Tasks.Task API.Middleware.ExceptionMiddleware::HandleExceptionAsync(Microsoft.AspNetCore.Http.HttpContext,System.Exception,System.Net.HttpStatusCode)
FNDA:6,System.Threading.Tasks.Task API.Middleware.ExceptionMiddleware::HandleExceptionAsync(Microsoft.AspNetCore.Http.HttpContext,System.Exception,System.Net.HttpStatusCode)
DA:54,6
DA:55,6
DA:56,6
DA:57,6
DA:58,6
DA:59,6
DA:60,6
DA:61,6
DA:62,6
FN:5,System.Void API.Middleware.ExceptionMiddleware::.ctor(Microsoft.AspNetCore.Http.RequestDelegate,Microsoft.Extensions.Logging.ILogger`1<API.Middleware.ExceptionMiddleware>)
FNDA:7,System.Void API.Middleware.ExceptionMiddleware::.ctor(Microsoft.AspNetCore.Http.RequestDelegate,Microsoft.Extensions.Logging.ILogger`1<API.Middleware.ExceptionMiddleware>)
DA:6,7
DA:7,7
DA:8,7
DA:9,7
FN:11,System.Void API.Middleware.ExceptionMiddleware/<InvokeAsync>d__3::MoveNext()
FNDA:7,System.Void API.Middleware.ExceptionMiddleware/<InvokeAsync>d__3::MoveNext()
DA:12,7
DA:14,7
DA:15,7
DA:16,1
DA:17,1
DA:18,1
DA:19,1
DA:20,1
DA:21,1
DA:22,1
DA:23,1
DA:24,1
DA:25,1
DA:26,1
DA:27,1
DA:28,1
DA:29,1
DA:30,1
DA:31,1
DA:32,1
DA:33,1
DA:34,1
DA:35,1
DA:36,1
DA:37,1
DA:38,1
DA:39,1
DA:40,1
DA:41,1
DA:42,1
DA:43,1
DA:44,1
DA:45,1
DA:46,1
DA:47,7
BRDA:42,331,1,1
BRDA:42,331,2,1
BRDA:42,331,3,1
BRDA:42,331,4,1
BRDA:42,331,5,1
BRDA:42,331,6,1
BRDA:42,331,0,7
LF:48
LH:48
BRF:7
BRH:7
FNF:3
FNH:3
end_of_record
SF:c:\Users\Connor\projects\SmartExcelAnalyzer\Backend\API\Extensions\ProgramExtensions.cs
FN:21,Microsoft.AspNetCore.Builder.WebApplicationBuilder API.Extensions.ConfigurationExtensions::ConfigureEnvironmentVariables(Microsoft.AspNetCore.Builder.WebApplicationBuilder)
FNDA:3,Microsoft.AspNetCore.Builder.WebApplicationBuilder API.Extensions.ConfigurationExtensions::ConfigureEnvironmentVariables(Microsoft.AspNetCore.Builder.WebApplicationBuilder)
DA:22,3
DA:23,3
DA:24,3
DA:25,3
DA:26,3
DA:27,3
DA:28,3
BRDA:23,2,0,0
BRDA:23,2,1,3
FN:30,Microsoft.AspNetCore.Builder.WebApplicationBuilder API.Extensions.ConfigurationExtensions::ConfigureLogging(Microsoft.AspNetCore.Builder.WebApplicationBuilder)
FNDA:3,Microsoft.AspNetCore.Builder.WebApplicationBuilder API.Extensions.ConfigurationExtensions::ConfigureLogging(Microsoft.AspNetCore.Builder.WebApplicationBuilder)
DA:31,3
DA:32,3
DA:33,3
DA:34,3
DA:35,3
DA:36,3
DA:37,3
DA:38,3
FN:40,Microsoft.AspNetCore.Builder.WebApplicationBuilder API.Extensions.ConfigurationExtensions::ConfigureHttpClient(Microsoft.AspNetCore.Builder.WebApplicationBuilder)
FNDA:3,Microsoft.AspNetCore.Builder.WebApplicationBuilder API.Extensions.ConfigurationExtensions::ConfigureHttpClient(Microsoft.AspNetCore.Builder.WebApplicationBuilder)
DA:41,3
DA:42,3
DA:43,0
DA:44,0
DA:45,3
DA:46,3
DA:47,3
FN:49,Microsoft.AspNetCore.Builder.WebApplicationBuilder API.Extensions.ConfigurationExtensions::ConfigureApiAccess(Microsoft.AspNetCore.Builder.WebApplicationBuilder)
FNDA:2,Microsoft.AspNetCore.Builder.WebApplicationBuilder API.Extensions.ConfigurationExtensions::ConfigureApiAccess(Microsoft.AspNetCore.Builder.WebApplicationBuilder)
DA:50,2
DA:51,2
DA:52,2
DA:53,2
DA:54,2
DA:55,2
DA:57,2
DA:58,2
DA:59,2
DA:60,2
DA:61,2
DA:62,2
DA:63,2
DA:64,2
DA:65,2
DA:66,2
DA:67,2
DA:68,2
DA:69,4
DA:70,4
DA:72,2
DA:73,2
BRDA:60,9,0,2
BRDA:60,9,1,2
BRDA:62,17,0,2
BRDA:62,17,1,2
FN:75,Microsoft.AspNetCore.Builder.WebApplicationBuilder API.Extensions.ConfigurationExtensions::ConfigureDatabase(Microsoft.AspNetCore.Builder.WebApplicationBuilder)
FNDA:2,Microsoft.AspNetCore.Builder.WebApplicationBuilder API.Extensions.ConfigurationExtensions::ConfigureDatabase(Microsoft.AspNetCore.Builder.WebApplicationBuilder)
DA:76,2
DA:77,2
DA:78,2
DA:79,2
DA:80,2
DA:81,1
DA:82,1
DA:83,1
DA:84,1
DA:85,1
DA:86,1
DA:87,1
DA:88,3
DA:89,2
DA:90,2
DA:91,2
DA:92,2
DA:93,2
DA:94,2
DA:95,2
FN:97,Microsoft.AspNetCore.Builder.WebApplicationBuilder API.Extensions.ConfigurationExtensions::ConfigureLLMService(Microsoft.AspNetCore.Builder.WebApplicationBuilder)
FNDA:2,Microsoft.AspNetCore.Builder.WebApplicationBuilder API.Extensions.ConfigurationExtensions::ConfigureLLMService(Microsoft.AspNetCore.Builder.WebApplicationBuilder)
DA:98,2
DA:99,2
DA:100,2
DA:101,2
DA:102,2
DA:103,4
DA:104,2
DA:105,2
DA:106,2
FN:108,Microsoft.AspNetCore.Builder.WebApplicationBuilder API.Extensions.ConfigurationExtensions::ConfigureMediatR(Microsoft.AspNetCore.Builder.WebApplicationBuilder)
FNDA:2,Microsoft.AspNetCore.Builder.WebApplicationBuilder API.Extensions.ConfigurationExtensions::ConfigureMediatR(Microsoft.AspNetCore.Builder.WebApplicationBuilder)
DA:109,2
DA:110,2
DA:111,2
DA:112,4
DA:113,2
DA:114,2
FN:116,Microsoft.AspNetCore.Builder.WebApplicationBuilder API.Extensions.ConfigurationExtensions::ConfigureServices(Microsoft.AspNetCore.Builder.WebApplicationBuilder)
FNDA:2,Microsoft.AspNetCore.Builder.WebApplicationBuilder API.Extensions.ConfigurationExtensions::ConfigureServices(Microsoft.AspNetCore.Builder.WebApplicationBuilder)
DA:117,2
DA:118,2
DA:119,2
DA:120,2
DA:121,2
DA:122,2
DA:123,2
LF:86
LH:84
BRF:6
BRH:5
FNF:8
FNH:8
end_of_record
SF:c:\Users\Connor\projects\SmartExcelAnalyzer\Backend\API\Controllers\AnalysisController.cs
FN:19,System.Void API.Controllers.AnalysisController::.ctor(MediatR.IMediator,Microsoft.AspNetCore.SignalR.IHubContext`1<Persistence.Hubs.ProgressHub>)
FNDA:2,System.Void API.Controllers.AnalysisController::.ctor(MediatR.IMediator,Microsoft.AspNetCore.SignalR.IHubContext`1<Persistence.Hubs.ProgressHub>)
DA:20,2
FN:58,System.Void API.Controllers.AnalysisController/<<UploadFile>b__3_0>d::MoveNext()
FNDA:0,System.Void API.Controllers.AnalysisController/<<UploadFile>b__3_0>d::MoveNext()
DA:59,0
DA:60,0
DA:61,0
DA:62,0
FN:36,System.Void API.Controllers.AnalysisController/<SubmitQuery>d__2::MoveNext()
FNDA:1,System.Void API.Controllers.AnalysisController/<SubmitQuery>d__2::MoveNext()
DA:37,1
FN:52,System.Void API.Controllers.AnalysisController/<UploadFile>d__3::MoveNext()
FNDA:1,System.Void API.Controllers.AnalysisController/<UploadFile>d__3::MoveNext()
DA:53,1
DA:54,1
DA:55,1
DA:56,1
DA:57,1
DA:58,1
DA:63,1
DA:64,1
DA:65,1
LF:15
LH:11
BRF:0
BRH:0
FNF:4
FNH:3
end_of_record
SF:c:\Users\Connor\projects\SmartExcelAnalyzer\Backend\API\Controllers\BaseController.cs
FN:7,System.Void API.Controllers.BaseController::.ctor(MediatR.IMediator)
FNDA:3,System.Void API.Controllers.BaseController::.ctor(MediatR.IMediator)
DA:8,3
DA:10,3
LF:2
LH:2
BRF:0
BRH:0
FNF:1
FNH:1
end_of_record
SF:c:\Users\Connor\projects\SmartExcelAnalyzer\Backend\Application\Services\ExcelFileService.cs
FN:99,System.Threading.Tasks.ParallelOptions Application.Services.ExcelFileService::CreateParallelOptions(System.Threading.CancellationToken)
FNDA:11,System.Threading.Tasks.ParallelOptions Application.Services.ExcelFileService::CreateParallelOptions(System.Threading.CancellationToken)
DA:100,11
DA:101,11
DA:102,11
DA:103,11
DA:104,11
FN:108,System.Data.DataColumn[] Application.Services.ExcelFileService::GetTableColumns(System.Data.DataTable)
FNDA:4,System.Data.DataColumn[] Application.Services.ExcelFileService::GetTableColumns(System.Data.DataTable)
DA:109,4
FN:234,System.Boolean Application.Services.ExcelFileService::IsNumericColumn(System.Data.DataColumn,System.Data.DataTable)
FNDA:16,System.Boolean Application.Services.ExcelFileService::IsNumericColumn(System.Data.DataColumn,System.Data.DataTable)
DA:235,16
DA:236,16
DA:237,16
DA:238,16
DA:239,6
DA:241,10
DA:242,6
DA:243,16
DA:244,16
BRDA:236,40,0,16
BRDA:236,68,0,10
BRDA:236,96,0,10
BRDA:236,124,0,10
BRDA:236,40,1,6
BRDA:236,68,1,6
BRDA:236,96,1,6
BRDA:236,124,1,6
BRDA:236,157,0,6
BRDA:236,157,1,10
FN:252,System.Void Application.Services.ExcelFileService::CalculateNumericColumnStatistics(System.Data.DataTable,System.Data.DataColumn,Domain.Application.ExcelFileSummary)
FNDA:10,System.Void Application.Services.ExcelFileService::CalculateNumericColumnStatistics(System.Data.DataTable,System.Data.DataColumn,Domain.Application.ExcelFileSummary)
DA:253,10
DA:254,10
DA:255,10
DA:256,18
DA:257,18
DA:258,10
DA:260,10
DA:261,6
DA:262,6
DA:263,6
DA:264,6
DA:265,6
DA:266,6
DA:267,10
BRDA:260,79,0,6
BRDA:260,79,1,10
BRDA:256,17,0,18
BRDA:256,17,1,0
FN:269,System.Boolean Application.Services.ExcelFileService::IsStringColumn(System.Data.DataColumn)
FNDA:6,System.Boolean Application.Services.ExcelFileService::IsStringColumn(System.Data.DataColumn)
DA:270,6
FN:307,System.String Application.Services.ExcelFileService::ComputeHash(System.String)
FNDA:627,System.String Application.Services.ExcelFileService::ComputeHash(System.String)
DA:308,627
FN:52,System.Void Application.Services.ExcelFileService/<>c::<PrepareExcelFileForLLMAsync>b__3_0(System.ValueTuple`2<System.Double,System.Double>)
FNDA:19,System.Void Application.Services.ExcelFileService/<>c::<PrepareExcelFileForLLMAsync>b__3_0(System.ValueTuple`2<System.Double,System.Double>)
DA:53,19
FN:178,ExcelDataReader.ExcelDataTableConfiguration Application.Services.ExcelFileService/<>c::<LoadExcelDataAsync>b__9_1(ExcelDataReader.IExcelDataReader)
FNDA:5,ExcelDataReader.ExcelDataTableConfiguration Application.Services.ExcelFileService/<>c::<LoadExcelDataAsync>b__9_1(ExcelDataReader.IExcelDataReader)
DA:179,5
DA:180,5
DA:181,5
DA:182,5
DA:183,5
DA:184,5
DA:185,5
DA:186,70
DA:187,5
DA:188,5
FN:208,System.String Application.Services.ExcelFileService/<>c::<CalculateSummaryStatisticsAsync>b__10_1(System.Data.DataColumn)
FNDA:20,System.String Application.Services.ExcelFileService/<>c::<CalculateSummaryStatisticsAsync>b__10_1(System.Data.DataColumn)
DA:209,20
FN:215,System.Void Application.Services.ExcelFileService/<>c__DisplayClass10_0/<<CalculateSummaryStatisticsAsync>b__0>d::MoveNext()
FNDA:16,System.Void Application.Services.ExcelFileService/<>c__DisplayClass10_0/<<CalculateSummaryStatisticsAsync>b__0>d::MoveNext()
DA:216,16
DA:217,16
DA:218,20
DA:219,6
DA:220,12
DA:221,16
BRDA:217,103,0,10
BRDA:217,103,1,6
BRDA:219,248,0,6
BRDA:219,248,1,16
FN:288,System.Void Application.Services.ExcelFileService/<>c__DisplayClass14_0/<<CalculateStringColumnHashes>b__0>d::MoveNext()
FNDA:18,System.Void Application.Services.ExcelFileService/<>c__DisplayClass14_0/<<CalculateStringColumnHashes>b__0>d::MoveNext()
DA:289,18
DA:290,18
DA:291,18
DA:292,18
DA:294,18
DA:295,18
BRDA:290,42,0,0
BRDA:290,42,1,18
BRDA:291,74,0,18
BRDA:291,74,1,18
FN:73,System.Void Application.Services.ExcelFileService/<>c__DisplayClass3_0::<PrepareExcelFileForLLMAsync>b__1(System.ValueTuple`2<System.Double,System.Double>)
FNDA:9,System.Void Application.Services.ExcelFileService/<>c__DisplayClass3_0::<PrepareExcelFileForLLMAsync>b__1(System.ValueTuple`2<System.Double,System.Double>)
DA:74,9
DA:75,9
DA:76,9
DA:77,18
DA:78,9
DA:79,9
DA:80,9
DA:81,9
DA:82,9
DA:83,9
DA:84,9
DA:85,13
BRDA:77,54,0,9
BRDA:77,54,1,9
BRDA:77,70,0,9
BRDA:79,90,0,9
BRDA:79,90,1,9
BRDA:77,70,1,9
FN:121,System.Void Application.Services.ExcelFileService/<>c__DisplayClass7_0::<ProcessRowsAsync>b__0()
FNDA:3,System.Void Application.Services.ExcelFileService/<>c__DisplayClass7_0::<ProcessRowsAsync>b__0()
DA:122,3
DA:123,3
DA:124,3
DA:125,3
DA:126,3
DA:127,3
DA:128,9
DA:129,9
DA:130,9
DA:131,9
DA:132,3
DA:133,9
DA:134,9
DA:135,9
DA:136,9
DA:137,9
DA:138,9
DA:139,9
DA:140,9
DA:141,9
DA:142,3
DA:143,7
BRDA:123,31,0,3
BRDA:123,31,1,3
FN:153,System.Void Application.Services.ExcelFileService/<>c__DisplayClass8_0/<<ProcessRowAsync>b__0>d::MoveNext()
FNDA:36,System.Void Application.Services.ExcelFileService/<>c__DisplayClass8_0/<<ProcessRowAsync>b__0>d::MoveNext()
DA:154,36
DA:155,36
DA:156,36
DA:157,36
DA:158,36
BRDA:156,91,0,36
BRDA:156,91,1,0
BRDA:156,99,1,0
BRDA:156,99,0,36
BRDA:156,122,0,36
BRDA:156,122,1,0
BRDA:156,134,0,0
BRDA:156,134,1,36
FN:174,System.Data.DataSet Application.Services.ExcelFileService/<>c__DisplayClass9_0::<LoadExcelDataAsync>b__0()
FNDA:5,System.Data.DataSet Application.Services.ExcelFileService/<>c__DisplayClass9_0::<LoadExcelDataAsync>b__0()
DA:175,5
DA:176,5
DA:177,5
DA:178,5
DA:189,5
DA:190,5
FN:280,System.Void Application.Services.ExcelFileService/<CalculateStringColumnHashes>d__14::MoveNext()
FNDA:6,System.Void Application.Services.ExcelFileService/<CalculateStringColumnHashes>d__14::MoveNext()
DA:281,6
DA:282,6
DA:283,6
DA:284,6
DA:285,6
DA:286,6
DA:287,6
DA:288,6
DA:293,6
DA:296,6
DA:297,6
DA:298,6
FN:203,System.Void Application.Services.ExcelFileService/<CalculateSummaryStatisticsAsync>d__10::MoveNext()
FNDA:5,System.Void Application.Services.ExcelFileService/<CalculateSummaryStatisticsAsync>d__10::MoveNext()
DA:204,5
DA:205,5
DA:206,5
DA:207,5
DA:208,5
DA:210,5
DA:211,5
DA:212,5
DA:213,5
DA:214,5
DA:215,5
DA:222,5
DA:223,4
DA:224,4
DA:225,4
DA:226,4
FN:170,System.Void Application.Services.ExcelFileService/<LoadExcelDataAsync>d__9::MoveNext()
FNDA:5,System.Void Application.Services.ExcelFileService/<LoadExcelDataAsync>d__9::MoveNext()
DA:171,5
DA:172,5
DA:173,5
DA:174,5
DA:191,5
DA:192,5
FN:106,System.Void Application.Services.ExcelFileService/<LoadExcelTableAsync>d__5::MoveNext()
FNDA:5,System.Void Application.Services.ExcelFileService/<LoadExcelTableAsync>d__5::MoveNext()
DA:107,5
BRDA:107,135,0,0
BRDA:107,135,1,5
FN:51,System.Void Application.Services.ExcelFileService/<PrepareExcelFileForLLMAsync>d__3::MoveNext()
FNDA:5,System.Void Application.Services.ExcelFileService/<PrepareExcelFileForLLMAsync>d__3::MoveNext()
DA:52,5
DA:54,5
DA:55,5
DA:57,5
DA:58,5
DA:60,5
DA:61,1
DA:62,1
DA:63,1
DA:64,1
DA:65,1
DA:66,1
DA:67,1
DA:70,4
DA:71,4
DA:72,4
DA:73,4
DA:87,4
DA:88,4
DA:89,4
DA:90,4
DA:91,3
DA:92,3
DA:93,3
DA:94,3
DA:95,3
DA:96,3
DA:97,4
BRDA:53,100,0,1
BRDA:53,100,1,5
BRDA:60,394,0,1
BRDA:60,394,1,4
FN:147,System.Void Application.Services.ExcelFileService/<ProcessRowAsync>d__8::MoveNext()
FNDA:9,System.Void Application.Services.ExcelFileService/<ProcessRowAsync>d__8::MoveNext()
DA:148,9
DA:149,9
DA:150,9
DA:151,9
DA:152,9
DA:153,9
DA:159,9
DA:160,9
DA:161,9
FN:115,System.Void Application.Services.ExcelFileService/<ProcessRowsAsync>d__7::MoveNext()
FNDA:4,System.Void Application.Services.ExcelFileService/<ProcessRowsAsync>d__7::MoveNext()
DA:116,4
DA:117,4
DA:118,4
DA:119,4
DA:120,4
DA:121,4
DA:144,3
DA:145,3
LF:180
LH:180
BRF:56
BRH:46
FNF:22
FNH:22
end_of_record
SF:c:\Users\Connor\projects\SmartExcelAnalyzer\Backend\Application\Queries\SubmitQuery.cs
FN:11,System.String Application.Queries.SubmitQuery::get_Query()
FNDA:41,System.String Application.Queries.SubmitQuery::get_Query()
DA:12,41
FN:13,System.String Application.Queries.SubmitQuery::get_DocumentId()
FNDA:38,System.String Application.Queries.SubmitQuery::get_DocumentId()
DA:14,38
FN:14,System.Nullable`1<System.Int32> Application.Queries.SubmitQuery::get_RelevantRowsCount()
FNDA:29,System.Nullable`1<System.Int32> Application.Queries.SubmitQuery::get_RelevantRowsCount()
DA:15,29
FN:95,System.Boolean Application.Queries.SubmitQueryHandler::ShouldEnrichResponse(System.Nullable`1<System.Int32>)
FNDA:2,System.Boolean Application.Queries.SubmitQueryHandler::ShouldEnrichResponse(System.Nullable`1<System.Int32>)
DA:96,2
FN:30,System.Void Application.Queries.SubmitQueryHandler::.ctor(Persistence.Repositories.ILLMRepository,Microsoft.Extensions.Logging.ILogger`1<Application.Queries.SubmitQueryHandler>,Persistence.Repositories.IVectorDbRepository)
FNDA:4,System.Void Application.Queries.SubmitQueryHandler::.ctor(Persistence.Repositories.ILLMRepository,Microsoft.Extensions.Logging.ILogger`1<Application.Queries.SubmitQueryHandler>,Persistence.Repositories.IVectorDbRepository)
DA:31,4
DA:32,4
DA:33,4
DA:34,4
DA:35,4
FN:130,System.Void Application.Queries.SubmitQueryHandler/<ComputeEmbeddingAsync>d__16::MoveNext()
FNDA:1,System.Void Application.Queries.SubmitQueryHandler/<ComputeEmbeddingAsync>d__16::MoveNext()
DA:131,1
DA:132,1
DA:133,1
DA:134,1
DA:135,1
DA:136,1
BRDA:134,220,0,0
BRDA:134,220,1,1
FN:102,System.Void Application.Queries.SubmitQueryHandler/<EnrichWithRelevantRowsAsync>d__14::MoveNext()
FNDA:1,System.Void Application.Queries.SubmitQueryHandler/<EnrichWithRelevantRowsAsync>d__14::MoveNext()
DA:103,1
DA:104,1
DA:105,1
DA:106,1
DA:107,2
DA:108,1
BRDA:105,174,0,0
BRDA:105,174,1,1
BRDA:107,340,0,1
BRDA:107,340,1,1
FN:62,System.Void Application.Queries.SubmitQueryHandler/<Handle>d__11::MoveNext()
FNDA:4,System.Void Application.Queries.SubmitQueryHandler/<Handle>d__11::MoveNext()
DA:63,4
DA:64,4
DA:65,6
DA:66,3
DA:67,2
DA:68,2
DA:69,4
BRDA:65,176,0,2
BRDA:65,176,1,2
BRDA:66,205,0,1
BRDA:66,205,1,2
FN:84,System.Void Application.Queries.SubmitQueryHandler/<QueryLLMAsync>d__12::MoveNext()
FNDA:4,System.Void Application.Queries.SubmitQueryHandler/<QueryLLMAsync>d__12::MoveNext()
DA:85,4
DA:86,4
DA:87,4
DA:88,4
DA:89,4
DA:90,4
DA:91,4
DA:92,6
DA:93,4
DA:94,4
BRDA:92,245,0,2
BRDA:92,245,1,4
FN:114,System.Void Application.Queries.SubmitQueryHandler/<QueryVectorDbAsync>d__15::MoveNext()
FNDA:1,System.Void Application.Queries.SubmitQueryHandler/<QueryVectorDbAsync>d__15::MoveNext()
DA:115,1
DA:116,1
DA:117,1
DA:118,1
DA:119,1
DA:120,1
DA:121,1
DA:122,1
DA:123,1
DA:124,1
DA:125,1
BRDA:123,267,0,0
BRDA:123,267,1,1
LF:49
LH:49
BRF:14
BRH:11
FNF:10
FNH:10
end_of_record
SF:c:\Users\Connor\projects\SmartExcelAnalyzer\Backend\Application\Queries\SubmitQueryValidator.cs
FN:6,System.Void Application.Queries.SubmitQueryValidator::.ctor()
FNDA:7,System.Void Application.Queries.SubmitQueryValidator::.ctor()
DA:7,7
DA:8,7
DA:9,7
DA:10,7
DA:11,7
DA:12,7
DA:13,7
DA:14,7
DA:15,14
DA:16,7
LF:10
LH:10
BRF:0
BRH:0
FNF:1
FNH:1
end_of_record
SF:c:\Users\Connor\projects\SmartExcelAnalyzer\Backend\Application\Commands\UploadFileCommand.cs
FN:16,Microsoft.AspNetCore.Http.IFormFile Application.Commands.UploadFileCommand::get_File()
FNDA:31,Microsoft.AspNetCore.Http.IFormFile Application.Commands.UploadFileCommand::get_File()
DA:17,31
FN:17,System.IProgress`1<System.ValueTuple`2<System.Double,System.Double>> Application.Commands.UploadFileCommand::get_Progress()
FNDA:9,System.IProgress`1<System.ValueTuple`2<System.Double,System.Double>> Application.Commands.UploadFileCommand::get_Progress()
DA:18,9
FN:132,System.Diagnostics.Stopwatch Application.Commands.UploadFileCommandHandler::get_Now()
FNDA:7,System.Diagnostics.Stopwatch Application.Commands.UploadFileCommandHandler::get_Now()
DA:133,7
FN:28,System.Void Application.Commands.UploadFileCommandHandler::.ctor(Application.Services.IExcelFileService,Persistence.Repositories.IVectorDbRepository,Microsoft.Extensions.Logging.ILogger`1<Application.Commands.UploadFileCommandHandler>,Microsoft.AspNetCore.SignalR.IHubContext`1<Persistence.Hubs.ProgressHub>)
FNDA:4,System.Void Application.Commands.UploadFileCommandHandler::.ctor(Application.Services.IExcelFileService,Persistence.Repositories.IVectorDbRepository,Microsoft.Extensions.Logging.ILogger`1<Application.Commands.UploadFileCommandHandler>,Microsoft.AspNetCore.SignalR.IHubContext`1<Persistence.Hubs.ProgressHub>)
DA:29,4
DA:30,4
DA:31,4
DA:32,4
DA:33,4
DA:34,4
FN:64,System.Void Application.Commands.UploadFileCommandHandler/<>c__DisplayClass13_0/<<Handle>b__0>d::MoveNext()
FNDA:1,System.Void Application.Commands.UploadFileCommandHandler/<>c__DisplayClass13_0/<<Handle>b__0>d::MoveNext()
DA:65,1
DA:66,1
DA:67,1
DA:68,1
DA:69,1
DA:70,1
DA:71,1
DA:72,1
DA:73,1
FN:61,System.Void Application.Commands.UploadFileCommandHandler/<Handle>d__13::MoveNext()
FNDA:4,System.Void Application.Commands.UploadFileCommandHandler/<Handle>d__13::MoveNext()
DA:62,4
DA:63,4
DA:64,4
DA:74,4
DA:75,4
DA:76,4
DA:77,4
DA:78,4
DA:79,4
DA:80,5
DA:81,3
DA:82,3
DA:83,3
DA:84,3
DA:85,3
DA:86,3
DA:87,4
BRDA:80,268,0,1
BRDA:80,268,1,3
FN:93,System.Void Application.Commands.UploadFileCommandHandler/<PrepareExcelFileAsync>d__14::MoveNext()
FNDA:4,System.Void Application.Commands.UploadFileCommandHandler/<PrepareExcelFileAsync>d__14::MoveNext()
DA:94,4
DA:95,4
DA:96,4
DA:97,4
DA:98,4
DA:99,4
DA:100,4
DA:101,4
DA:102,4
DA:103,4
DA:104,5
DA:105,4
DA:106,4
BRDA:104,291,0,1
BRDA:104,291,1,4
FN:113,System.Void Application.Commands.UploadFileCommandHandler/<SaveToVectorDatabaseAsync>d__15::MoveNext()
FNDA:3,System.Void Application.Commands.UploadFileCommandHandler/<SaveToVectorDatabaseAsync>d__15::MoveNext()
DA:114,3
DA:115,3
DA:116,3
DA:117,3
DA:118,3
DA:119,3
DA:120,3
DA:121,3
DA:122,3
DA:123,3
DA:125,3
DA:126,1
DA:128,2
DA:130,3
DA:131,3
BRDA:125,286,0,1
BRDA:125,286,1,2
LF:63
LH:63
BRF:6
BRH:6
FNF:8
FNH:8
end_of_record
SF:c:\Users\Connor\projects\SmartExcelAnalyzer\Backend\Application\Commands\UploadFileCommandValidator.cs
FN:6,System.Void Application.Commands.UploadFileCommandValidator::.ctor()
FNDA:3,System.Void Application.Commands.UploadFileCommandValidator::.ctor()
DA:7,3
DA:8,3
DA:9,3
DA:10,3
DA:11,3
DA:13,3
DA:14,2
DA:15,3
DA:16,3
DA:17,3
BRDA:14,1,0,0
BRDA:14,1,1,2
LF:10
LH:10
BRF:2
BRH:1
FNF:1
FNH:1
end_of_record
SF:c:\Users\Connor\projects\SmartExcelAnalyzer\Backend\Domain\Utilities\VectorMath.cs
FN:48,System.Single Domain.Utilities.VectorMath::CalculateSimilarity(System.Single[],System.Single[])
FNDA:17,System.Single Domain.Utilities.VectorMath::CalculateSimilarity(System.Single[],System.Single[])
DA:49,17
DA:50,19
DA:51,15
DA:52,15
BRDA:50,14,0,2
BRDA:50,14,1,15
FN:61,System.Single Domain.Utilities.VectorMath::DotProduct(System.Single[],System.Single[])
FNDA:123,System.Single Domain.Utilities.VectorMath::DotProduct(System.Single[],System.Single[])
DA:62,123
FN:72,System.Single Domain.Utilities.VectorMath::Magnitude(System.Single[])
FNDA:44,System.Single Domain.Utilities.VectorMath::Magnitude(System.Single[])
DA:73,44
DA:74,174
DA:75,44
DA:76,47
DA:77,41
DA:78,44
BRDA:76,56,0,3
BRDA:76,56,1,41
FN:86,System.Boolean Domain.Utilities.VectorMath::IsPythagoreanTriple(System.Single[])
FNDA:44,System.Boolean Domain.Utilities.VectorMath::IsPythagoreanTriple(System.Single[])
DA:87,44
DA:88,48
DA:89,160
DA:90,40
DA:91,44
BRDA:88,12,0,4
BRDA:88,12,1,40
LF:16
LH:16
BRF:6
BRH:6
FNF:4
FNH:4
end_of_record
SF:c:\Users\Connor\projects\SmartExcelAnalyzer\Backend\Domain\Persistence\Document.cs
FN:5,System.String Domain.Persistence.Document::get_Id()
FNDA:28,System.String Domain.Persistence.Document::get_Id()
DA:6,28
FN:6,System.String Domain.Persistence.Document::get_Content()
FNDA:72,System.String Domain.Persistence.Document::get_Content()
DA:7,72
FN:7,System.Single[] Domain.Persistence.Document::get_Embedding()
FNDA:32,System.Single[] Domain.Persistence.Document::get_Embedding()
DA:8,32
LF:3
LH:3
BRF:0
BRH:0
FNF:3
FNH:3
end_of_record
SF:c:\Users\Connor\projects\SmartExcelAnalyzer\Backend\Domain\Persistence\Summary.cs
FN:4,System.String Domain.Persistence.Summary::get_Id()
FNDA:5,System.String Domain.Persistence.Summary::get_Id()
DA:5,5
FN:5,System.String Domain.Persistence.Summary::get_Content()
FNDA:6,System.String Domain.Persistence.Summary::get_Content()
DA:6,6
LF:2
LH:2
BRF:0
BRH:0
FNF:2
FNH:2
end_of_record
SF:c:\Users\Connor\projects\SmartExcelAnalyzer\Backend\Domain\Persistence\DTOs\QueryAnswer.cs
FN:6,System.String Domain.Persistence.DTOs.QueryAnswer::get_Question()
FNDA:9,System.String Domain.Persistence.DTOs.QueryAnswer::get_Question()
DA:7,9
FN:7,System.String Domain.Persistence.DTOs.QueryAnswer::get_DocumentId()
FNDA:9,System.String Domain.Persistence.DTOs.QueryAnswer::get_DocumentId()
DA:8,9
FN:8,System.String Domain.Persistence.DTOs.QueryAnswer::get_Answer()
FNDA:14,System.String Domain.Persistence.DTOs.QueryAnswer::get_Answer()
DA:9,14
FN:9,System.Collections.Concurrent.ConcurrentBag`1<System.Collections.Concurrent.ConcurrentDictionary`2<System.String,System.Object>> Domain.Persistence.DTOs.QueryAnswer::get_RelevantRows()
FNDA:13,System.Collections.Concurrent.ConcurrentBag`1<System.Collections.Concurrent.ConcurrentDictionary`2<System.String,System.Object>> Domain.Persistence.DTOs.QueryAnswer::get_RelevantRows()
DA:10,13
LF:4
LH:4
BRF:0
BRH:0
FNF:4
FNH:4
end_of_record
SF:c:\Users\Connor\projects\SmartExcelAnalyzer\Backend\Domain\Persistence\DTOs\SummarizedExcelData.cs
FN:6,System.Collections.Concurrent.ConcurrentDictionary`2<System.String,System.Object> Domain.Persistence.DTOs.SummarizedExcelData::get_Summary()
FNDA:3047,System.Collections.Concurrent.ConcurrentDictionary`2<System.String,System.Object> Domain.Persistence.DTOs.SummarizedExcelData::get_Summary()
DA:7,3047
FN:7,System.Collections.Concurrent.ConcurrentBag`1<System.Collections.Concurrent.ConcurrentDictionary`2<System.String,System.Object>> Domain.Persistence.DTOs.SummarizedExcelData::get_Rows()
FNDA:2043,System.Collections.Concurrent.ConcurrentBag`1<System.Collections.Concurrent.ConcurrentDictionary`2<System.String,System.Object>> Domain.Persistence.DTOs.SummarizedExcelData::get_Rows()
DA:8,2043
LF:2
LH:2
BRF:0
BRH:0
FNF:2
FNH:2
end_of_record
SF:c:\Users\Connor\projects\SmartExcelAnalyzer\Backend\Domain\Persistence\Configuration\Options.cs
FN:4,System.Int32 Domain.Persistence.Configuration.LLMServiceOptions::get_COMPUTE_BATCH_SIZE()
FNDA:76,System.Int32 Domain.Persistence.Configuration.LLMServiceOptions::get_COMPUTE_BATCH_SIZE()
DA:5,76
FN:5,System.Collections.Generic.List`1<System.String> Domain.Persistence.Configuration.LLMServiceOptions::get_LLM_SERVICE_URLS()
FNDA:42,System.Collections.Generic.List`1<System.String> Domain.Persistence.Configuration.LLMServiceOptions::get_LLM_SERVICE_URLS()
DA:6,42
FN:6,System.String Domain.Persistence.Configuration.LLMServiceOptions::get_LLM_SERVICE_URL()
FNDA:59,System.String Domain.Persistence.Configuration.LLMServiceOptions::get_LLM_SERVICE_URL()
DA:7,59
FN:11,System.Int32 Domain.Persistence.Configuration.DatabaseOptions::get_PORT()
FNDA:7,System.Int32 Domain.Persistence.Configuration.DatabaseOptions::get_PORT()
DA:12,7
FN:12,System.Int32 Domain.Persistence.Configuration.DatabaseOptions::get_SAVE_BATCH_SIZE()
FNDA:46,System.Int32 Domain.Persistence.Configuration.DatabaseOptions::get_SAVE_BATCH_SIZE()
DA:13,46
FN:13,System.Int32 Domain.Persistence.Configuration.DatabaseOptions::get_MAX_RETRY_COUNT()
FNDA:5,System.Int32 Domain.Persistence.Configuration.DatabaseOptions::get_MAX_RETRY_COUNT()
DA:14,5
FN:14,System.Boolean Domain.Persistence.Configuration.DatabaseOptions::get_USE_HTTPS()
FNDA:48,System.Boolean Domain.Persistence.Configuration.DatabaseOptions::get_USE_HTTPS()
DA:15,48
FN:15,System.Int32 Domain.Persistence.Configuration.DatabaseOptions::get_MAX_CONNECTION_COUNT()
FNDA:90,System.Int32 Domain.Persistence.Configuration.DatabaseOptions::get_MAX_CONNECTION_COUNT()
DA:16,90
FN:16,System.String Domain.Persistence.Configuration.DatabaseOptions::get_HOST()
FNDA:50,System.String Domain.Persistence.Configuration.DatabaseOptions::get_HOST()
DA:17,50
FN:17,System.String Domain.Persistence.Configuration.DatabaseOptions::get_DatabaseName()
FNDA:50,System.String Domain.Persistence.Configuration.DatabaseOptions::get_DatabaseName()
DA:18,50
FN:18,System.String Domain.Persistence.Configuration.DatabaseOptions::get_QDRANT_API_KEY()
FNDA:51,System.String Domain.Persistence.Configuration.DatabaseOptions::get_QDRANT_API_KEY()
DA:19,51
FN:19,System.String Domain.Persistence.Configuration.DatabaseOptions::get_CollectionName()
FNDA:83,System.String Domain.Persistence.Configuration.DatabaseOptions::get_CollectionName()
DA:20,83
FN:20,System.String Domain.Persistence.Configuration.DatabaseOptions::get_ConnectionString()
FNDA:48,System.String Domain.Persistence.Configuration.DatabaseOptions::get_ConnectionString()
DA:21,48
FN:21,System.String Domain.Persistence.Configuration.DatabaseOptions::get_CollectionNameTwo()
FNDA:71,System.String Domain.Persistence.Configuration.DatabaseOptions::get_CollectionNameTwo()
DA:22,71
LF:14
LH:14
BRF:0
BRH:0
FNF:14
FNH:14
end_of_record
SF:c:\Users\Connor\projects\SmartExcelAnalyzer\Backend\Domain\Application\ExcelFileSummary.cs
FN:6,System.Int32 Domain.Application.ExcelFileSummary::get_RowCount()
FNDA:9,System.Int32 Domain.Application.ExcelFileSummary::get_RowCount()
DA:7,9
FN:7,System.Int32 Domain.Application.ExcelFileSummary::get_ColumnCount()
FNDA:8,System.Int32 Domain.Application.ExcelFileSummary::get_ColumnCount()
DA:8,8
FN:8,System.Collections.Generic.List`1<System.String> Domain.Application.ExcelFileSummary::get_Columns()
FNDA:11,System.Collections.Generic.List`1<System.String> Domain.Application.ExcelFileSummary::get_Columns()
DA:9,11
FN:9,System.Collections.Concurrent.ConcurrentDictionary`2<System.String,System.Double> Domain.Application.ExcelFileSummary::get_Sums()
FNDA:19,System.Collections.Concurrent.ConcurrentDictionary`2<System.String,System.Double> Domain.Application.ExcelFileSummary::get_Sums()
DA:10,19
FN:10,System.Collections.Concurrent.ConcurrentDictionary`2<System.String,System.Double> Domain.Application.ExcelFileSummary::get_Mins()
FNDA:18,System.Collections.Concurrent.ConcurrentDictionary`2<System.String,System.Double> Domain.Application.ExcelFileSummary::get_Mins()
DA:11,18
FN:11,System.Collections.Concurrent.ConcurrentDictionary`2<System.String,System.Double> Domain.Application.ExcelFileSummary::get_Maxs()
FNDA:19,System.Collections.Concurrent.ConcurrentDictionary`2<System.String,System.Double> Domain.Application.ExcelFileSummary::get_Maxs()
DA:12,19
FN:12,System.Collections.Concurrent.ConcurrentDictionary`2<System.String,System.Double> Domain.Application.ExcelFileSummary::get_Averages()
FNDA:20,System.Collections.Concurrent.ConcurrentDictionary`2<System.String,System.Double> Domain.Application.ExcelFileSummary::get_Averages()
DA:13,20
FN:13,System.Collections.Concurrent.ConcurrentDictionary`2<System.String,System.Collections.Concurrent.ConcurrentDictionary`2<System.String,System.String>> Domain.Application.ExcelFileSummary::get_HashedStrings()
FNDA:19,System.Collections.Concurrent.ConcurrentDictionary`2<System.String,System.Collections.Concurrent.ConcurrentDictionary`2<System.String,System.String>> Domain.Application.ExcelFileSummary::get_HashedStrings()
DA:14,19
LF:8
LH:8
BRF:0
BRH:0
FNF:8
FNH:8
end_of_record