SF:C:\Users\Connor\projects\SmartExcelAnalyzer\Backend\Domain\Utilities\VectorMath.cs
FN:48,System.Single Domain.Utilities.VectorMath::CalculateSimilarity(System.Single[],System.Single[])
FNDA:68,System.Single Domain.Utilities.VectorMath::CalculateSimilarity(System.Single[],System.Single[])
DA:49,68
DA:50,76
DA:51,60
DA:52,60
BRDA:50,38,0,8
BRDA:50,38,1,60
FN:61,System.Single Domain.Utilities.VectorMath::DotProduct(System.Single[],System.Single[])
FNDA:492,System.Single Domain.Utilities.VectorMath::DotProduct(System.Single[],System.Single[])
DA:62,492
FN:72,System.Single Domain.Utilities.VectorMath::Magnitude(System.Single[])
FNDA:176,System.Single Domain.Utilities.VectorMath::Magnitude(System.Single[])
DA:73,176
DA:74,696
DA:75,176
DA:76,188
DA:77,164
DA:78,176
BRDA:76,110,0,12
BRDA:76,110,1,164
FN:86,System.Boolean Domain.Utilities.VectorMath::IsPythagoreanTriple(System.Single[])
FNDA:176,System.Boolean Domain.Utilities.VectorMath::IsPythagoreanTriple(System.Single[])
DA:87,176
DA:88,192
DA:89,640
DA:90,160
DA:91,176
BRDA:88,40,0,16
BRDA:88,40,1,160
LF:16
LH:16
BRF:6
BRH:6
FNF:4
FNH:4
end_of_record
SF:C:\Users\Connor\projects\SmartExcelAnalyzer\Backend\Domain\Persistence\Document.cs
FN:5,System.String Domain.Persistence.Document::get_Id()
FNDA:112,System.String Domain.Persistence.Document::get_Id()
DA:6,112
FN:6,System.String Domain.Persistence.Document::get_Content()
FNDA:288,System.String Domain.Persistence.Document::get_Content()
DA:7,288
FN:7,System.Single[] Domain.Persistence.Document::get_Embedding()
FNDA:128,System.Single[] Domain.Persistence.Document::get_Embedding()
DA:8,128
LF:3
LH:3
BRF:0
BRH:0
FNF:3
FNH:3
end_of_record
SF:C:\Users\Connor\projects\SmartExcelAnalyzer\Backend\Domain\Persistence\Summary.cs
FN:4,System.String Domain.Persistence.Summary::get_Id()
FNDA:20,System.String Domain.Persistence.Summary::get_Id()
DA:5,20
FN:5,System.String Domain.Persistence.Summary::get_Content()
FNDA:24,System.String Domain.Persistence.Summary::get_Content()
DA:6,24
LF:2
LH:2
BRF:0
BRH:0
FNF:2
FNH:2
end_of_record
SF:C:\Users\Connor\projects\SmartExcelAnalyzer\Backend\Domain\Persistence\DTOs\QueryAnswer.cs
FN:6,System.String Domain.Persistence.DTOs.QueryAnswer::get_Question()
FNDA:36,System.String Domain.Persistence.DTOs.QueryAnswer::get_Question()
DA:7,36
FN:7,System.String Domain.Persistence.DTOs.QueryAnswer::get_DocumentId()
FNDA:36,System.String Domain.Persistence.DTOs.QueryAnswer::get_DocumentId()
DA:8,36
FN:8,System.String Domain.Persistence.DTOs.QueryAnswer::get_Answer()
FNDA:56,System.String Domain.Persistence.DTOs.QueryAnswer::get_Answer()
DA:9,56
FN:9,System.Collections.Concurrent.ConcurrentBag`1<System.Collections.Concurrent.ConcurrentDictionary`2<System.String,System.Object>> Domain.Persistence.DTOs.QueryAnswer::get_RelevantRows()
FNDA:52,System.Collections.Concurrent.ConcurrentBag`1<System.Collections.Concurrent.ConcurrentDictionary`2<System.String,System.Object>> Domain.Persistence.DTOs.QueryAnswer::get_RelevantRows()
DA:10,52
LF:4
LH:4
BRF:0
BRH:0
FNF:4
FNH:4
end_of_record
SF:C:\Users\Connor\projects\SmartExcelAnalyzer\Backend\Domain\Persistence\DTOs\SummarizedExcelData.cs
FN:6,System.Collections.Concurrent.ConcurrentDictionary`2<System.String,System.Object> Domain.Persistence.DTOs.SummarizedExcelData::get_Summary()
FNDA:12188,System.Collections.Concurrent.ConcurrentDictionary`2<System.String,System.Object> Domain.Persistence.DTOs.SummarizedExcelData::get_Summary()
DA:7,12188
FN:7,System.Collections.Concurrent.ConcurrentBag`1<System.Collections.Concurrent.ConcurrentDictionary`2<System.String,System.Object>> Domain.Persistence.DTOs.SummarizedExcelData::get_Rows()
FNDA:8172,System.Collections.Concurrent.ConcurrentBag`1<System.Collections.Concurrent.ConcurrentDictionary`2<System.String,System.Object>> Domain.Persistence.DTOs.SummarizedExcelData::get_Rows()
DA:8,8172
LF:2
LH:2
BRF:0
BRH:0
FNF:2
FNH:2
end_of_record
SF:C:\Users\Connor\projects\SmartExcelAnalyzer\Backend\Domain\Persistence\Configuration\Options.cs
FN:4,System.Int32 Domain.Persistence.Configuration.LLMServiceOptions::get_COMPUTE_BATCH_SIZE()
FNDA:304,System.Int32 Domain.Persistence.Configuration.LLMServiceOptions::get_COMPUTE_BATCH_SIZE()
DA:5,304
FN:5,System.Collections.Generic.List`1<System.String> Domain.Persistence.Configuration.LLMServiceOptions::get_LLM_SERVICE_URLS()
FNDA:168,System.Collections.Generic.List`1<System.String> Domain.Persistence.Configuration.LLMServiceOptions::get_LLM_SERVICE_URLS()
DA:6,168
FN:6,System.String Domain.Persistence.Configuration.LLMServiceOptions::get_LLM_SERVICE_URL()
FNDA:236,System.String Domain.Persistence.Configuration.LLMServiceOptions::get_LLM_SERVICE_URL()
DA:7,236
FN:11,System.Int32 Domain.Persistence.Configuration.DatabaseOptions::get_PORT()
FNDA:28,System.Int32 Domain.Persistence.Configuration.DatabaseOptions::get_PORT()
DA:12,28
FN:12,System.Int32 Domain.Persistence.Configuration.DatabaseOptions::get_SAVE_BATCH_SIZE()
FNDA:184,System.Int32 Domain.Persistence.Configuration.DatabaseOptions::get_SAVE_BATCH_SIZE()
DA:13,184
FN:13,System.Int32 Domain.Persistence.Configuration.DatabaseOptions::get_MAX_RETRY_COUNT()
FNDA:20,System.Int32 Domain.Persistence.Configuration.DatabaseOptions::get_MAX_RETRY_COUNT()
DA:14,20
FN:14,System.Boolean Domain.Persistence.Configuration.DatabaseOptions::get_USE_HTTPS()
FNDA:192,System.Boolean Domain.Persistence.Configuration.DatabaseOptions::get_USE_HTTPS()
DA:15,192
FN:15,System.Int32 Domain.Persistence.Configuration.DatabaseOptions::get_MAX_CONNECTION_COUNT()
FNDA:360,System.Int32 Domain.Persistence.Configuration.DatabaseOptions::get_MAX_CONNECTION_COUNT()
DA:16,360
FN:16,System.String Domain.Persistence.Configuration.DatabaseOptions::get_HOST()
FNDA:200,System.String Domain.Persistence.Configuration.DatabaseOptions::get_HOST()
DA:17,200
FN:17,System.String Domain.Persistence.Configuration.DatabaseOptions::get_DatabaseName()
FNDA:200,System.String Domain.Persistence.Configuration.DatabaseOptions::get_DatabaseName()
DA:18,200
FN:18,System.String Domain.Persistence.Configuration.DatabaseOptions::get_QDRANT_API_KEY()
FNDA:204,System.String Domain.Persistence.Configuration.DatabaseOptions::get_QDRANT_API_KEY()
DA:19,204
FN:19,System.String Domain.Persistence.Configuration.DatabaseOptions::get_CollectionName()
FNDA:332,System.String Domain.Persistence.Configuration.DatabaseOptions::get_CollectionName()
DA:20,332
FN:20,System.String Domain.Persistence.Configuration.DatabaseOptions::get_ConnectionString()
FNDA:192,System.String Domain.Persistence.Configuration.DatabaseOptions::get_ConnectionString()
DA:21,192
FN:21,System.String Domain.Persistence.Configuration.DatabaseOptions::get_CollectionNameTwo()
FNDA:284,System.String Domain.Persistence.Configuration.DatabaseOptions::get_CollectionNameTwo()
DA:22,284
LF:14
LH:14
BRF:0
BRH:0
FNF:14
FNH:14
end_of_record
SF:C:\Users\Connor\projects\SmartExcelAnalyzer\Backend\Domain\Application\ExcelFileSummary.cs
FN:6,System.Int32 Domain.Application.ExcelFileSummary::get_RowCount()
FNDA:36,System.Int32 Domain.Application.ExcelFileSummary::get_RowCount()
DA:7,36
FN:7,System.Int32 Domain.Application.ExcelFileSummary::get_ColumnCount()
FNDA:32,System.Int32 Domain.Application.ExcelFileSummary::get_ColumnCount()
DA:8,32
FN:8,System.Collections.Generic.List`1<System.String> Domain.Application.ExcelFileSummary::get_Columns()
FNDA:44,System.Collections.Generic.List`1<System.String> Domain.Application.ExcelFileSummary::get_Columns()
DA:9,44
FN:9,System.Collections.Concurrent.ConcurrentDictionary`2<System.String,System.Double> Domain.Application.ExcelFileSummary::get_Sums()
FNDA:76,System.Collections.Concurrent.ConcurrentDictionary`2<System.String,System.Double> Domain.Application.ExcelFileSummary::get_Sums()
DA:10,76
FN:10,System.Collections.Concurrent.ConcurrentDictionary`2<System.String,System.Double> Domain.Application.ExcelFileSummary::get_Mins()
FNDA:72,System.Collections.Concurrent.ConcurrentDictionary`2<System.String,System.Double> Domain.Application.ExcelFileSummary::get_Mins()
DA:11,72
FN:11,System.Collections.Concurrent.ConcurrentDictionary`2<System.String,System.Double> Domain.Application.ExcelFileSummary::get_Maxs()
FNDA:76,System.Collections.Concurrent.ConcurrentDictionary`2<System.String,System.Double> Domain.Application.ExcelFileSummary::get_Maxs()
DA:12,76
FN:12,System.Collections.Concurrent.ConcurrentDictionary`2<System.String,System.Double> Domain.Application.ExcelFileSummary::get_Averages()
FNDA:80,System.Collections.Concurrent.ConcurrentDictionary`2<System.String,System.Double> Domain.Application.ExcelFileSummary::get_Averages()
DA:13,80
FN:13,System.Collections.Concurrent.ConcurrentDictionary`2<System.String,System.Collections.Concurrent.ConcurrentDictionary`2<System.String,System.String>> Domain.Application.ExcelFileSummary::get_HashedStrings()
FNDA:76,System.Collections.Concurrent.ConcurrentDictionary`2<System.String,System.Collections.Concurrent.ConcurrentDictionary`2<System.String,System.String>> Domain.Application.ExcelFileSummary::get_HashedStrings()
DA:14,76
LF:8
LH:8
BRF:0
BRH:0
FNF:8
FNH:8
end_of_record
SF:c:\Users\Connor\projects\SmartExcelAnalyzer\Backend\Persistence\Repositories\LLMRepository.cs
FN:41,System.String Persistence.Repositories.LLMRepository::get_QUERY_URL()
FNDA:4,System.String Persistence.Repositories.LLMRepository::get_QUERY_URL()
DA:42,4
FN:42,System.String Persistence.Repositories.LLMRepository::get_COMPUTE_URL()
FNDA:4,System.String Persistence.Repositories.LLMRepository::get_COMPUTE_URL()
DA:43,4
FN:43,System.String Persistence.Repositories.LLMRepository::get_COMPUTE_BATCH_URL()
FNDA:12,System.String Persistence.Repositories.LLMRepository::get_COMPUTE_BATCH_URL()
DA:44,12
FN:33,System.Void Persistence.Repositories.LLMRepository::.ctor(Persistence.Repositories.ILLMServiceLoadBalancer,Persistence.Repositories.API.IWebRepository`1<System.Single[]>,Persistence.Repositories.API.IWebRepository`1<System.Collections.Generic.IEnumerable`1<System.Single[]>>,Persistence.Repositories.API.IWebRepository`1<Domain.Persistence.DTOs.QueryAnswer>)
FNDA:24,System.Void Persistence.Repositories.LLMRepository::.ctor(Persistence.Repositories.ILLMServiceLoadBalancer,Persistence.Repositories.API.IWebRepository`1<System.Single[]>,Persistence.Repositories.API.IWebRepository`1<System.Collections.Generic.IEnumerable`1<System.Single[]>>,Persistence.Repositories.API.IWebRepository`1<Domain.Persistence.DTOs.QueryAnswer>)
DA:34,24
DA:35,24
DA:36,24
DA:37,24
DA:38,24
DA:39,24
DA:51,24
DA:55,24
DA:59,24
DA:63,24
FN:107,System.Void Persistence.Repositories.LLMRepository/<ComputeBatchEmbeddings>d__13::MoveNext()
FNDA:12,System.Void Persistence.Repositories.LLMRepository/<ComputeBatchEmbeddings>d__13::MoveNext()
DA:108,12
FN:96,System.Void Persistence.Repositories.LLMRepository/<ComputeEmbedding>d__12::MoveNext()
FNDA:4,System.Void Persistence.Repositories.LLMRepository/<ComputeEmbedding>d__12::MoveNext()
DA:97,4
FN:83,System.Void Persistence.Repositories.LLMRepository/<QueryLLM>d__11::MoveNext()
FNDA:4,System.Void Persistence.Repositories.LLMRepository/<QueryLLM>d__11::MoveNext()
DA:84,4
LF:16
LH:16
BRF:0
BRH:0
FNF:7
FNH:7
end_of_record
SF:c:\Users\Connor\projects\SmartExcelAnalyzer\Backend\Persistence\Repositories\QdrantDatabaseWrapper.cs
FN:27,System.Byte[] Persistence.Repositories.QdrantDatabaseWrapper::get_NextRandomBytes()
FNDA:20,System.Byte[] Persistence.Repositories.QdrantDatabaseWrapper::get_NextRandomBytes()
DA:28,20
DA:29,20
DA:30,20
DA:31,20
FN:32,System.Random Persistence.Repositories.QdrantDatabaseWrapper::get_Random()
FNDA:20,System.Random Persistence.Repositories.QdrantDatabaseWrapper::get_Random()
DA:33,20
FN:33,System.Byte[] Persistence.Repositories.QdrantDatabaseWrapper::get_RandomBytes()
FNDA:40,System.Byte[] Persistence.Repositories.QdrantDatabaseWrapper::get_RandomBytes()
DA:34,40
FN:34,System.Int32 Persistence.Repositories.QdrantDatabaseWrapper::get_BatchSize()
FNDA:16,System.Int32 Persistence.Repositories.QdrantDatabaseWrapper::get_BatchSize()
DA:35,16
FN:35,System.String Persistence.Repositories.QdrantDatabaseWrapper::get_CollectionName()
FNDA:64,System.String Persistence.Repositories.QdrantDatabaseWrapper::get_CollectionName()
DA:36,64
FN:37,System.String Persistence.Repositories.QdrantDatabaseWrapper::get_SummaryCollectionName()
FNDA:24,System.String Persistence.Repositories.QdrantDatabaseWrapper::get_SummaryCollectionName()
DA:38,24
FN:38,System.Int32 Persistence.Repositories.QdrantDatabaseWrapper::get_MaxDegreeOfParallelism()
FNDA:20,System.Int32 Persistence.Repositories.QdrantDatabaseWrapper::get_MaxDegreeOfParallelism()
DA:39,20
FN:177,System.String Persistence.Repositories.QdrantDatabaseWrapper::NewDocumentId()
FNDA:20,System.String Persistence.Repositories.QdrantDatabaseWrapper::NewDocumentId()
DA:178,20
FN:201,Qdrant.Client.Grpc.PointStruct Persistence.Repositories.QdrantDatabaseWrapper::CreateRow(System.Collections.Concurrent.ConcurrentDictionary`2<System.String,System.Object>,System.String)
FNDA:40024,Qdrant.Client.Grpc.PointStruct Persistence.Repositories.QdrantDatabaseWrapper::CreateRow(System.Collections.Concurrent.ConcurrentDictionary`2<System.String,System.Object>,System.String)
DA:202,40024
DA:203,40024
DA:204,40024
DA:205,40024
DA:206,40024
DA:207,40024
DA:208,40024
DA:209,40024
DA:210,40024
DA:211,40024
DA:212,40024
DA:213,40024
DA:214,40024
DA:215,40024
DA:216,40024
BRDA:203,47,0,0
BRDA:203,47,1,40024
BRDA:203,82,0,40024
BRDA:203,82,1,40024
BRDA:210,130,0,40024
BRDA:210,130,1,40024
FN:241,System.Threading.Tasks.ParallelOptions Persistence.Repositories.QdrantDatabaseWrapper::CreateParallelOptions(System.Threading.CancellationToken)
FNDA:20,System.Threading.Tasks.ParallelOptions Persistence.Repositories.QdrantDatabaseWrapper::CreateParallelOptions(System.Threading.CancellationToken)
DA:242,20
DA:243,20
DA:244,20
DA:245,20
DA:246,20
FN:145,System.Collections.Concurrent.ConcurrentDictionary`2<System.String,System.Object> Persistence.Repositories.QdrantDatabaseWrapper::<GetRelevantDocumentsAsync>b__22_2(System.String)
FNDA:44,System.Collections.Concurrent.ConcurrentDictionary`2<System.String,System.Object> Persistence.Repositories.QdrantDatabaseWrapper::<GetRelevantDocumentsAsync>b__22_2(System.String)
DA:146,44
DA:147,44
DA:148,44
BRDA:146,8,0,0
BRDA:146,8,1,44
FN:11,System.Void Persistence.Repositories.QdrantDatabaseWrapper::.ctor(Persistence.Repositories.IQdrantClient,Microsoft.Extensions.Options.IOptions`1<Domain.Persistence.Configuration.DatabaseOptions>,Microsoft.Extensions.Logging.ILogger`1<Persistence.Repositories.QdrantDatabaseWrapper>)
FNDA:56,System.Void Persistence.Repositories.QdrantDatabaseWrapper::.ctor(Persistence.Repositories.IQdrantClient,Microsoft.Extensions.Options.IOptions`1<Domain.Persistence.Configuration.DatabaseOptions>,Microsoft.Extensions.Logging.ILogger`1<Persistence.Repositories.QdrantDatabaseWrapper>)
DA:12,56
DA:13,56
DA:14,56
DA:15,56
DA:16,56
DA:19,56
DA:20,56
DA:21,56
DA:37,56
FN:141,Google.Protobuf.Collections.MapField`2<System.String,Qdrant.Client.Grpc.Value> Persistence.Repositories.QdrantDatabaseWrapper/<>c::<GetRelevantDocumentsAsync>b__22_0(Qdrant.Client.Grpc.ScoredPoint)
FNDA:44,Google.Protobuf.Collections.MapField`2<System.String,Qdrant.Client.Grpc.Value> Persistence.Repositories.QdrantDatabaseWrapper/<>c::<GetRelevantDocumentsAsync>b__22_0(Qdrant.Client.Grpc.ScoredPoint)
DA:142,44
FN:142,System.String Persistence.Repositories.QdrantDatabaseWrapper/<>c::<GetRelevantDocumentsAsync>b__22_1(Google.Protobuf.Collections.MapField`2<System.String,Qdrant.Client.Grpc.Value>)
FNDA:44,System.String Persistence.Repositories.QdrantDatabaseWrapper/<>c::<GetRelevantDocumentsAsync>b__22_1(Google.Protobuf.Collections.MapField`2<System.String,Qdrant.Client.Grpc.Value>)
DA:143,44
DA:144,44
DA:145,44
BRDA:143,20,0,0
BRDA:143,20,1,44
FN:148,System.Boolean Persistence.Repositories.QdrantDatabaseWrapper/<>c::<GetRelevantDocumentsAsync>b__22_3(System.Collections.Concurrent.ConcurrentDictionary`2<System.String,System.Object>)
FNDA:44,System.Boolean Persistence.Repositories.QdrantDatabaseWrapper/<>c::<GetRelevantDocumentsAsync>b__22_3(System.Collections.Concurrent.ConcurrentDictionary`2<System.String,System.Object>)
DA:149,44
FN:149,System.Collections.Concurrent.ConcurrentDictionary`2<System.String,System.Object> Persistence.Repositories.QdrantDatabaseWrapper/<>c::<GetRelevantDocumentsAsync>b__22_4(System.Collections.Concurrent.ConcurrentDictionary`2<System.String,System.Object>)
FNDA:44,System.Collections.Concurrent.ConcurrentDictionary`2<System.String,System.Object> Persistence.Repositories.QdrantDatabaseWrapper/<>c::<GetRelevantDocumentsAsync>b__22_4(System.Collections.Concurrent.ConcurrentDictionary`2<System.String,System.Object>)
DA:150,44
FN:191,System.Void Persistence.Repositories.QdrantDatabaseWrapper/<>c__DisplayClass25_0/<<CreateRowsInParallelAsync>b__0>d::MoveNext()
FNDA:40024,System.Void Persistence.Repositories.QdrantDatabaseWrapper/<>c__DisplayClass25_0/<<CreateRowsInParallelAsync>b__0>d::MoveNext()
DA:192,40024
DA:193,40024
DA:194,40024
DA:195,40024
DA:196,40024
BRDA:193,50,0,40024
BRDA:193,50,1,40024
FN:184,System.Void Persistence.Repositories.QdrantDatabaseWrapper/<CreateRowsInParallelAsync>d__25::MoveNext()
FNDA:20,System.Void Persistence.Repositories.QdrantDatabaseWrapper/<CreateRowsInParallelAsync>d__25::MoveNext()
DA:185,20
DA:186,20
DA:187,20
DA:188,20
DA:189,20
DA:190,20
DA:191,20
DA:197,20
DA:198,20
DA:199,20
FN:132,System.Void Persistence.Repositories.QdrantDatabaseWrapper/<GetRelevantDocumentsAsync>d__22::MoveNext()
FNDA:12,System.Void Persistence.Repositories.QdrantDatabaseWrapper/<GetRelevantDocumentsAsync>d__22::MoveNext()
DA:133,12
DA:134,12
DA:135,12
DA:136,12
DA:137,12
DA:138,12
DA:139,12
DA:140,12
DA:141,8
DA:151,8
DA:152,8
BRDA:141,278,0,4
BRDA:141,278,1,4
BRDA:141,468,0,4
BRDA:141,468,1,8
FN:159,System.Void Persistence.Repositories.QdrantDatabaseWrapper/<GetSummaryAsync>d__23::MoveNext()
FNDA:16,System.Void Persistence.Repositories.QdrantDatabaseWrapper/<GetSummaryAsync>d__23::MoveNext()
DA:160,16
DA:161,16
DA:162,16
DA:163,16
DA:164,16
DA:165,16
DA:166,16
DA:167,16
DA:168,28
DA:170,4
DA:171,4
DA:173,4
DA:174,16
BRDA:168,267,0,4
BRDA:168,267,1,12
BRDA:168,304,0,12
BRDA:168,304,1,4
BRDA:171,404,0,0
BRDA:171,404,1,4
FN:218,System.Void Persistence.Repositories.QdrantDatabaseWrapper/<InsertRowsInBatchesAsync>d__27::MoveNext()
FNDA:16,System.Void Persistence.Repositories.QdrantDatabaseWrapper/<InsertRowsInBatchesAsync>d__27::MoveNext()
DA:219,16
DA:220,16
DA:221,148
DA:222,52
DA:224,52
DA:225,52
DA:226,52
DA:227,52
DA:228,52
DA:229,52
DA:230,48
DA:231,48
DA:232,48
DA:233,4
DA:234,4
DA:235,4
DA:236,4
DA:238,48
DA:239,12
BRDA:221,533,1,52
BRDA:221,533,0,12
FN:97,System.Void Persistence.Repositories.QdrantDatabaseWrapper/<StoreSummaryAsync>d__21::MoveNext()
FNDA:8,System.Void Persistence.Repositories.QdrantDatabaseWrapper/<StoreSummaryAsync>d__21::MoveNext()
DA:98,8
DA:100,8
DA:101,8
DA:102,8
DA:103,8
DA:104,8
DA:105,8
DA:106,8
DA:107,8
DA:108,8
DA:109,8
DA:110,4
DA:112,4
DA:113,4
DA:114,4
DA:115,4
DA:117,8
FN:55,System.Void Persistence.Repositories.QdrantDatabaseWrapper/<StoreVectorsAsync>d__20::MoveNext()
FNDA:20,System.Void Persistence.Repositories.QdrantDatabaseWrapper/<StoreVectorsAsync>d__20::MoveNext()
DA:56,20
DA:57,20
DA:58,20
DA:59,20
DA:61,20
DA:62,20
DA:64,20
DA:65,16
DA:67,16
DA:68,16
DA:69,12
DA:70,12
DA:71,4
DA:72,4
DA:73,4
DA:74,4
DA:76,12
DA:78,4
DA:79,4
DA:80,4
DA:82,16
DA:83,20
BRDA:58,103,0,20
BRDA:58,103,1,20
BRDA:64,406,0,16
BRDA:64,406,1,4
LF:146
LH:146
BRF:28
BRH:24
FNF:23
FNH:23
end_of_record
SF:c:\Users\Connor\projects\SmartExcelAnalyzer\Backend\Persistence\Repositories\VectorRepository.cs
FN:36,System.Void Persistence.Repositories.VectorRepository::.ctor(Persistence.Database.IDatabaseWrapper,Microsoft.Extensions.Logging.ILogger`1<Persistence.Repositories.VectorRepository>,Persistence.Repositories.ILLMRepository,Microsoft.Extensions.Options.IOptions`1<Domain.Persistence.Configuration.LLMServiceOptions>,Microsoft.Extensions.Options.IOptions`1<Domain.Persistence.Configuration.DatabaseOptions>)
FNDA:76,System.Void Persistence.Repositories.VectorRepository::.ctor(Persistence.Database.IDatabaseWrapper,Microsoft.Extensions.Logging.ILogger`1<Persistence.Repositories.VectorRepository>,Persistence.Repositories.ILLMRepository,Microsoft.Extensions.Options.IOptions`1<Domain.Persistence.Configuration.LLMServiceOptions>,Microsoft.Extensions.Options.IOptions`1<Domain.Persistence.Configuration.DatabaseOptions>)
DA:37,76
DA:38,76
DA:39,76
DA:40,76
DA:41,76
DA:42,76
DA:43,76
DA:73,76
DA:74,76
DA:75,76
DA:76,76
DA:77,76
FN:380,System.ValueTuple`2<System.Collections.Concurrent.ConcurrentDictionary`2<System.String,System.Object>,System.Single[]> Persistence.Repositories.VectorRepository/<>c::<ProcessBatchAsync>b__37_0(System.Collections.Concurrent.ConcurrentDictionary`2<System.String,System.Object>,System.Single[])
FNDA:148,System.ValueTuple`2<System.Collections.Concurrent.ConcurrentDictionary`2<System.String,System.Object>,System.Single[]> Persistence.Repositories.VectorRepository/<>c::<ProcessBatchAsync>b__37_0(System.Collections.Concurrent.ConcurrentDictionary`2<System.String,System.Object>,System.Single[])
DA:381,148
FN:225,System.Void Persistence.Repositories.VectorRepository/<>c__DisplayClass33_1/<<CreateBatchesAsync>b__0>d::MoveNext()
FNDA:496,System.Void Persistence.Repositories.VectorRepository/<>c__DisplayClass33_1/<<CreateBatchesAsync>b__0>d::MoveNext()
DA:226,496
DA:227,496
DA:228,496
DA:229,496
DA:230,496
DA:231,496
DA:232,496
DA:233,5
DA:234,5
DA:235,5
DA:236,5
DA:237,5
DA:238,496
BRDA:228,89,0,496
BRDA:228,89,1,496
BRDA:231,273,0,96
BRDA:231,273,1,400
BRDA:232,408,0,5
BRDA:232,408,1,496
FN:273,System.String Persistence.Repositories.VectorRepository/<>c__DisplayClass34_0::<ComputeEmbeddingsAsync>b__0(System.Collections.Concurrent.ConcurrentDictionary`2<System.String,System.Object>)
FNDA:29,System.String Persistence.Repositories.VectorRepository/<>c__DisplayClass34_0::<ComputeEmbeddingsAsync>b__0(System.Collections.Concurrent.ConcurrentDictionary`2<System.String,System.Object>)
DA:274,29
FN:385,System.Void Persistence.Repositories.VectorRepository/<>c__DisplayClass37_0/<<ProcessBatchAsync>b__1>d::MoveNext()
FNDA:123,System.Void Persistence.Repositories.VectorRepository/<>c__DisplayClass37_0/<<ProcessBatchAsync>b__1>d::MoveNext()
DA:386,123
DA:387,123
DA:388,123
DA:389,123
DA:390,242
DA:391,4
DA:393,123
DA:394,123
BRDA:388,83,0,123
BRDA:388,83,1,123
BRDA:390,247,0,119
BRDA:390,247,1,4
FN:263,System.Void Persistence.Repositories.VectorRepository/<ComputeEmbeddingsAsync>d__34::MoveNext()
FNDA:32,System.Void Persistence.Repositories.VectorRepository/<ComputeEmbeddingsAsync>d__34::MoveNext()
DA:264,32
DA:265,32
DA:266,32
DA:268,32
DA:269,32
DA:270,138
DA:271,29
DA:272,29
DA:273,29
DA:275,25
DA:276,25
DA:277,25
DA:278,25
DA:279,25
DA:280,25
DA:281,25
DA:282,25
DA:284,0
DA:285,25
DA:286,24
DA:287,4
DA:288,4
DA:289,4
DA:290,4
DA:291,4
DA:292,4
DA:293,4
DA:294,4
DA:296,32
DA:297,32
DA:298,32
DA:299,32
BRDA:270,1226,1,29
BRDA:274,419,0,24
BRDA:274,419,1,29
BRDA:277,725,0,25
BRDA:281,944,0,19
BRDA:281,944,1,6
BRDA:277,725,1,0
BRDA:270,1226,0,24
FN:215,System.Void Persistence.Repositories.VectorRepository/<CreateBatchesAsync>d__33::MoveNext()
FNDA:32,System.Void Persistence.Repositories.VectorRepository/<CreateBatchesAsync>d__33::MoveNext()
DA:216,32
DA:218,32
DA:219,32
DA:220,32
DA:221,28
DA:222,28
DA:223,28
DA:224,28
DA:225,28
DA:239,28
DA:241,52
DA:242,28
DA:243,4
DA:244,4
DA:245,4
DA:246,4
DA:247,0
DA:248,0
DA:249,0
DA:250,0
DA:252,32
DA:253,32
DA:254,32
DA:255,32
BRDA:241,438,0,24
BRDA:241,438,1,28
FN:374,System.Void Persistence.Repositories.VectorRepository/<ProcessBatchAsync>d__37::MoveNext()
FNDA:25,System.Void Persistence.Repositories.VectorRepository/<ProcessBatchAsync>d__37::MoveNext()
DA:375,25
DA:376,25
DA:377,25
DA:378,25
DA:379,25
DA:380,25
DA:382,25
DA:383,25
DA:384,25
DA:385,25
DA:392,25
DA:395,25
DA:396,25
FN:349,System.Void Persistence.Repositories.VectorRepository/<ProcessChannelMessageAsync>d__36::MoveNext()
FNDA:25,System.Void Persistence.Repositories.VectorRepository/<ProcessChannelMessageAsync>d__36::MoveNext()
DA:350,25
DA:351,25
DA:352,25
DA:354,25
DA:355,25
DA:356,25
DA:357,25
DA:358,25
DA:359,25
DA:360,25
DA:361,25
DA:364,25
DA:365,25
DA:366,25
DA:367,25
BRDA:350,16,0,25
BRDA:350,16,1,50
BRDA:360,651,0,19
BRDA:360,651,1,6
FN:130,System.Void Persistence.Repositories.VectorRepository/<QueryVectorData>d__31::MoveNext()
FNDA:36,System.Void Persistence.Repositories.VectorRepository/<QueryVectorData>d__31::MoveNext()
DA:131,36
DA:132,36
DA:133,4
DA:134,4
DA:135,4
DA:137,32
DA:138,8
DA:139,8
DA:140,8
DA:142,24
DA:144,24
DA:145,24
DA:146,20
DA:147,4
DA:148,4
DA:149,4
DA:151,16
DA:152,16
DA:153,16
DA:154,8
DA:155,8
DA:156,8
DA:157,8
DA:158,8
DA:159,8
DA:160,8
DA:162,8
DA:163,8
DA:164,8
DA:165,8
DA:166,8
DA:167,8
DA:169,4
DA:170,4
DA:171,4
DA:172,4
DA:174,36
BRDA:132,52,0,4
BRDA:132,52,1,32
BRDA:137,155,0,28
BRDA:137,155,1,8
BRDA:137,177,1,8
BRDA:137,177,0,24
BRDA:137,225,0,8
BRDA:137,225,1,24
BRDA:146,573,0,20
BRDA:146,573,1,0
BRDA:146,616,0,4
BRDA:146,616,1,16
BRDA:153,912,0,8
BRDA:153,912,1,8
BRDA:153,952,0,8
BRDA:153,952,1,8
FN:402,System.Void Persistence.Repositories.VectorRepository/<SaveBatchOfRowEmbeddings>d__38::MoveNext()
FNDA:25,System.Void Persistence.Repositories.VectorRepository/<SaveBatchOfRowEmbeddings>d__38::MoveNext()
DA:403,25
DA:404,25
DA:405,25
DA:406,0
DA:407,0
DA:408,0
DA:410,25
DA:411,20
DA:412,20
DA:413,20
DA:414,5
DA:415,3
DA:416,3
DA:417,3
DA:418,25
DA:419,25
BRDA:405,206,0,0
BRDA:405,206,1,25
BRDA:410,331,0,20
BRDA:410,331,1,5
BRDA:414,433,0,3
BRDA:414,433,1,25
FN:93,System.Void Persistence.Repositories.VectorRepository/<SaveDocumentAsync>d__30::MoveNext()
FNDA:40,System.Void Persistence.Repositories.VectorRepository/<SaveDocumentAsync>d__30::MoveNext()
DA:94,40
DA:95,40
DA:96,8
DA:97,8
DA:98,8
DA:100,32
DA:101,32
DA:102,32
DA:103,0
DA:104,0
DA:105,0
DA:107,32
DA:108,28
DA:109,28
DA:110,32
DA:111,28
DA:112,32
DA:113,32
DA:114,40
BRDA:95,60,0,8
BRDA:95,60,1,32
BRDA:101,212,0,0
BRDA:101,212,1,32
BRDA:102,395,0,0
BRDA:102,395,1,32
BRDA:107,513,0,28
BRDA:110,732,0,4
BRDA:110,732,1,24
BRDA:110,775,0,4
BRDA:110,775,1,28
BRDA:107,513,1,32
FN:190,System.Void Persistence.Repositories.VectorRepository/<SaveDocumentDataAsync>d__32::MoveNext()
FNDA:32,System.Void Persistence.Repositories.VectorRepository/<SaveDocumentDataAsync>d__32::MoveNext()
DA:191,32
DA:192,32
DA:193,32
DA:194,32
DA:195,32
DA:196,32
DA:197,32
DA:198,32
DA:199,32
DA:200,32
DA:201,32
DA:202,32
DA:203,32
DA:204,32
DA:205,32
DA:206,32
DA:207,32
FN:309,System.Void Persistence.Repositories.VectorRepository/<StoreEmbeddingsAsync>d__35::MoveNext()
FNDA:32,System.Void Persistence.Repositories.VectorRepository/<StoreEmbeddingsAsync>d__35::MoveNext()
DA:310,32
DA:311,32
DA:312,32
DA:314,32
DA:315,32
DA:316,134
DA:317,25
DA:318,25
DA:319,25
DA:320,25
DA:321,25
DA:322,25
DA:323,25
DA:324,25
DA:325,25
DA:326,25
DA:327,28
DA:328,4
DA:329,4
DA:330,4
DA:331,4
DA:332,0
DA:333,0
DA:334,0
DA:335,0
DA:336,32
DA:337,32
BRDA:316,585,1,25
BRDA:316,585,0,28
BRDA:336,985,0,12
BRDA:336,985,1,32
LF:235
LH:220
BRF:62
BRH:57
FNF:14
FNH:14
end_of_record
SF:c:\Users\Connor\projects\SmartExcelAnalyzer\Backend\Persistence\Repositories\API\WebRepository.cs
FN:14,System.Void Persistence.Repositories.API.WebRepository`1::.ctor(System.Net.Http.IHttpClientFactory)
FNDA:28,System.Void Persistence.Repositories.API.WebRepository`1::.ctor(System.Net.Http.IHttpClientFactory)
DA:15,28
FN:29,System.Void Persistence.Repositories.API.WebRepository`1/<PostAsync>d__2::MoveNext()
FNDA:12,System.Void Persistence.Repositories.API.WebRepository`1/<PostAsync>d__2::MoveNext()
DA:30,12
DA:31,12
DA:32,12
DA:33,12
DA:34,12
DA:35,8
DA:36,8
DA:37,8
LF:9
LH:9
BRF:0
BRH:0
FNF:2
FNH:2
end_of_record
SF:c:\Users\Connor\projects\SmartExcelAnalyzer\Backend\Persistence\Hubs\ProgressHub.cs
FN:9,System.Void Persistence.Hubs.ProgressHubWrapper::.ctor(Microsoft.AspNetCore.SignalR.IHubContext`1<Persistence.Hubs.ProgressHub>)
FNDA:8,System.Void Persistence.Hubs.ProgressHubWrapper::.ctor(Microsoft.AspNetCore.SignalR.IHubContext`1<Persistence.Hubs.ProgressHub>)
DA:10,8
FN:11,System.Void Persistence.Hubs.ProgressHubWrapper/<SendProgress>d__2::MoveNext()
FNDA:4,System.Void Persistence.Hubs.ProgressHubWrapper/<SendProgress>d__2::MoveNext()
DA:12,4
FN:14,System.Void Persistence.Hubs.ProgressHub::.ctor(Persistence.Hubs.IProgressHubWrapper)
FNDA:4,System.Void Persistence.Hubs.ProgressHub::.ctor(Persistence.Hubs.IProgressHubWrapper)
DA:15,4
FN:16,System.Void Persistence.Hubs.ProgressHub/<SendProgress>d__2::MoveNext()
FNDA:4,System.Void Persistence.Hubs.ProgressHub/<SendProgress>d__2::MoveNext()
DA:17,4
LF:4
LH:4
BRF:0
BRH:0
FNF:4
FNH:4
end_of_record
SF:c:\Users\Connor\projects\SmartExcelAnalyzer\Backend\Persistence\Cache\EmbeddingCache.cs
FN:29,System.Single[] Persistence.Cache.MemoryCacheEmbeddingCache::GetEmbedding(System.String)
FNDA:16,System.Single[] Persistence.Cache.MemoryCacheEmbeddingCache::GetEmbedding(System.String)
DA:30,16
DA:31,16
DA:32,16
FN:34,System.Void Persistence.Cache.MemoryCacheEmbeddingCache::SetEmbedding(System.String,System.Single[])
FNDA:12,System.Void Persistence.Cache.MemoryCacheEmbeddingCache::SetEmbedding(System.String,System.Single[])
DA:35,12
DA:36,12
DA:37,12
FN:39,System.Void Persistence.Cache.MemoryCacheEmbeddingCache::ClearCache()
FNDA:4,System.Void Persistence.Cache.MemoryCacheEmbeddingCache::ClearCache()
DA:40,4
DA:41,4
DA:42,4
DA:43,4
DA:44,4
DA:45,4
BRDA:41,39,0,4
BRDA:41,39,1,4
FN:16,System.Void Persistence.Cache.MemoryCacheEmbeddingCache::.ctor(Microsoft.Extensions.Options.IOptions`1<Microsoft.Extensions.Caching.Memory.MemoryCacheOptions>)
FNDA:16,System.Void Persistence.Cache.MemoryCacheEmbeddingCache::.ctor(Microsoft.Extensions.Options.IOptions`1<Microsoft.Extensions.Caching.Memory.MemoryCacheOptions>)
DA:17,16
DA:18,16
DA:19,16
DA:20,16
DA:21,16
DA:22,16
DA:23,16
DA:24,16
DA:25,16
DA:26,16
DA:27,16
LF:23
LH:23
BRF:2
BRH:2
FNF:4
FNH:4
end_of_record