<?xml version="1.0" encoding="UTF-8"?>
<coverage generated="1730347478148" clover="3.2.0">
  <project timestamp="1730347478148" name="All files">
    <metrics statements="19" coveredstatements="19" conditionals="10" coveredconditionals="7" methods="10" coveredmethods="10" elements="39" coveredelements="36" complexity="0" loc="19" ncloc="19" packages="4" files="4" classes="4"/>
    <package name="components.QueryForm">
      <metrics statements="9" coveredstatements="9" conditionals="4" coveredconditionals="3" methods="3" coveredmethods="3"/>
      <file name="QueryForm.tsx" path="C:\Users\Connor\projects\SmartExcelAnalyzer\Frontend\src\components\QueryForm\QueryForm.tsx">
        <metrics statements="9" coveredstatements="9" conditionals="4" coveredconditionals="3" methods="3" coveredmethods="3"/>
        <line num="9" count="1" type="stmt"/>
        <line num="10" count="4" type="stmt"/>
        <line num="12" count="4" type="stmt"/>
        <line num="13" count="1" type="stmt"/>
        <line num="14" count="1" type="cond" truecount="1" falsecount="1"/>
        <line num="15" count="1" type="stmt"/>
        <line num="16" count="1" type="stmt"/>
        <line num="20" count="4" type="stmt"/>
        <line num="31" count="1" type="stmt"/>
      </file>
    </package>
    <package name="components.QueryResult">
      <metrics statements="6" coveredstatements="6" conditionals="4" coveredconditionals="3" methods="4" coveredmethods="4"/>
      <file name="QueryResult.tsx" path="C:\Users\Connor\projects\SmartExcelAnalyzer\Frontend\src\components\QueryResult\QueryResult.tsx">
        <metrics statements="6" coveredstatements="6" conditionals="4" coveredconditionals="3" methods="4" coveredmethods="4"/>
        <line num="15" count="1" type="stmt"/>
        <line num="16" count="1" type="stmt"/>
        <line num="18" count="1" type="stmt"/>
        <line num="48" count="1" type="stmt"/>
        <line num="54" count="1" type="stmt"/>
        <line num="56" count="1" type="stmt"/>
      </file>
    </package>
    <package name="components.ThemeSwitch">
      <metrics statements="4" coveredstatements="4" conditionals="2" coveredconditionals="1" methods="3" coveredmethods="3"/>
      <file name="ThemeSwitch.tsx" path="C:\Users\Connor\projects\SmartExcelAnalyzer\Frontend\src\components\ThemeSwitch\ThemeSwitch.tsx">
        <metrics statements="4" coveredstatements="4" conditionals="2" coveredconditionals="1" methods="3" coveredmethods="3"/>
        <line num="17" count="1" type="stmt"/>
        <line num="18" count="2" type="stmt"/>
        <line num="26" count="1" type="stmt"/>
        <line num="39" count="2" type="stmt"/>
      </file>
    </package>
    <package name="interfaces">
      <metrics statements="0" coveredstatements="0" conditionals="0" coveredconditionals="0" methods="0" coveredmethods="0"/>
      <file name="ThemeMode.tsx" path="C:\Users\Connor\projects\SmartExcelAnalyzer\Frontend\src\interfaces\ThemeMode.tsx">
        <metrics statements="0" coveredstatements="0" conditionals="0" coveredconditionals="0" methods="0" coveredmethods="0"/>
      </file>
    </package>
  </project>
</coverage>
