{"C:\\Users\\Connor\\projects\\SmartExcelAnalyzer\\Frontend\\src\\components\\QueryForm\\QueryForm.tsx": {"path":"C:\\Users\\Connor\\projects\\SmartExcelAnalyzer\\Frontend\\src\\components\\QueryForm\\QueryForm.tsx","statementMap":{"0":{"start":{"line":9,"column":44},"end":{"line":44,"column":1}},"1":{"start":{"line":10,"column":34},"end":{"line":10,"column":46}},"2":{"start":{"line":12,"column":23},"end":{"line":18,"column":3}},"3":{"start":{"line":13,"column":4},"end":{"line":13,"column":23}},"4":{"start":{"line":14,"column":4},"end":{"line":17,"column":5}},"5":{"start":{"line":15,"column":6},"end":{"line":15,"column":30}},"6":{"start":{"line":16,"column":6},"end":{"line":16,"column":22}},"7":{"start":{"line":20,"column":2},"end":{"line":43,"column":4}},"8":{"start":{"line":31,"column":25},"end":{"line":31,"column":52}}},"fnMap":{"0":{"name":"(anonymous_0)","decl":{"start":{"line":9,"column":44},"end":{"line":9,"column":45}},"loc":{"start":{"line":9,"column":87},"end":{"line":44,"column":1}},"line":9},"1":{"name":"(anonymous_1)","decl":{"start":{"line":12,"column":23},"end":{"line":12,"column":24}},"loc":{"start":{"line":12,"column":47},"end":{"line":18,"column":3}},"line":12},"2":{"name":"(anonymous_2)","decl":{"start":{"line":31,"column":18},"end":{"line":31,"column":19}},"loc":{"start":{"line":31,"column":25},"end":{"line":31,"column":52}},"line":31}},"branchMap":{"0":{"loc":{"start":{"line":14,"column":4},"end":{"line":17,"column":5}},"type":"if","locations":[{"start":{"line":14,"column":4},"end":{"line":17,"column":5}},{"start":{},"end":{}}],"line":14},"1":{"loc":{"start":{"line":38,"column":18},"end":{"line":38,"column":57}},"type":"binary-expr","locations":[{"start":{"line":38,"column":18},"end":{"line":38,"column":37}},{"start":{"line":38,"column":41},"end":{"line":38,"column":57}}],"line":38}},"s":{"0":1,"1":4,"2":4,"3":1,"4":1,"5":1,"6":1,"7":4,"8":1},"f":{"0":4,"1":1,"2":1},"b":{"0":[1,0],"1":[4,4]},"_coverageSchema":"1a1c01bbd47fc00a2c39e90264f33305004495a9","hash":"ea9fe881a6ca3cfb2ce99da811b0960516b3e4d5"}
,"C:\\Users\\Connor\\projects\\SmartExcelAnalyzer\\Frontend\\src\\components\\QueryResult\\QueryResult.tsx": {"path":"C:\\Users\\Connor\\projects\\SmartExcelAnalyzer\\Frontend\\src\\components\\QueryResult\\QueryResult.tsx","statementMap":{"0":{"start":{"line":15,"column":48},"end":{"line":68,"column":1}},"1":{"start":{"line":16,"column":57},"end":{"line":16,"column":63}},"2":{"start":{"line":18,"column":2},"end":{"line":67,"column":4}},"3":{"start":{"line":48,"column":18},"end":{"line":48,"column":56}},"4":{"start":{"line":54,"column":16},"end":{"line":58,"column":27}},"5":{"start":{"line":56,"column":20},"end":{"line":56,"column":60}}},"fnMap":{"0":{"name":"(anonymous_0)","decl":{"start":{"line":15,"column":48},"end":{"line":15,"column":49}},"loc":{"start":{"line":15,"column":82},"end":{"line":68,"column":1}},"line":15},"1":{"name":"(anonymous_1)","decl":{"start":{"line":47,"column":50},"end":{"line":47,"column":51}},"loc":{"start":{"line":48,"column":18},"end":{"line":48,"column":56}},"line":48},"2":{"name":"(anonymous_2)","decl":{"start":{"line":53,"column":32},"end":{"line":53,"column":33}},"loc":{"start":{"line":54,"column":16},"end":{"line":58,"column":27}},"line":54},"3":{"name":"(anonymous_3)","decl":{"start":{"line":55,"column":42},"end":{"line":55,"column":43}},"loc":{"start":{"line":56,"column":20},"end":{"line":56,"column":60}},"line":56}},"branchMap":{"0":{"loc":{"start":{"line":42,"column":7},"end":{"line":65,"column":7}},"type":"cond-expr","locations":[{"start":{"line":43,"column":8},"end":{"line":62,"column":25}},{"start":{"line":64,"column":8},"end":{"line":64,"column":72}}],"line":42},"1":{"loc":{"start":{"line":42,"column":7},"end":{"line":42,"column":46}},"type":"binary-expr","locations":[{"start":{"line":42,"column":7},"end":{"line":42,"column":19}},{"start":{"line":42,"column":23},"end":{"line":42,"column":46}}],"line":42}},"s":{"0":1,"1":1,"2":1,"3":1,"4":1,"5":1},"f":{"0":1,"1":1,"2":1,"3":1},"b":{"0":[1,0],"1":[1,1]},"_coverageSchema":"1a1c01bbd47fc00a2c39e90264f33305004495a9","hash":"fa2f64b69c7c84682058a85db8aa4df91da3575a"}
,"C:\\Users\\Connor\\projects\\SmartExcelAnalyzer\\Frontend\\src\\components\\ThemeSwitch\\ThemeSwitch.tsx": {"path":"C:\\Users\\Connor\\projects\\SmartExcelAnalyzer\\Frontend\\src\\components\\ThemeSwitch\\ThemeSwitch.tsx","statementMap":{"0":{"start":{"line":17,"column":5},"end":{"line":34,"column":1}},"1":{"start":{"line":18,"column":2},"end":{"line":33,"column":4}},"2":{"start":{"line":26,"column":8},"end":{"line":30,"column":11}},"3":{"start":{"line":39,"column":25},"end":{"line":93,"column":3}},"4":{"start":{"line":39,"column":56},"end":{"line":93,"column":1}}},"fnMap":{"0":{"name":"(anonymous_0)","decl":{"start":{"line":17,"column":5},"end":{"line":17,"column":6}},"loc":{"start":{"line":17,"column":38},"end":{"line":34,"column":1}},"line":17},"1":{"name":"(anonymous_1)","decl":{"start":{"line":22,"column":16},"end":{"line":22,"column":17}},"loc":{"start":{"line":25,"column":11},"end":{"line":31,"column":7}},"line":25},"2":{"name":"(anonymous_2)","decl":{"start":{"line":39,"column":40},"end":{"line":39,"column":41}},"loc":{"start":{"line":39,"column":56},"end":{"line":93,"column":1}},"line":39}},"branchMap":{"0":{"loc":{"start":{"line":27,"column":16},"end":{"line":29,"column":33}},"type":"cond-expr","locations":[{"start":{"line":28,"column":14},"end":{"line":28,"column":32}},{"start":{"line":29,"column":14},"end":{"line":29,"column":33}}],"line":27}},"s":{"0":1,"1":2,"2":1,"3":1,"4":2},"f":{"0":2,"1":1,"2":2},"b":{"0":[1,0]},"_coverageSchema":"1a1c01bbd47fc00a2c39e90264f33305004495a9","hash":"ccbce135c16a5b16b4e2b20eb83f014641c8ae60"}
,"C:\\Users\\Connor\\projects\\SmartExcelAnalyzer\\Frontend\\src\\interfaces\\ThemeMode.tsx": {"path":"C:\\Users\\Connor\\projects\\SmartExcelAnalyzer\\Frontend\\src\\interfaces\\ThemeMode.tsx","statementMap":{},"fnMap":{},"branchMap":{},"s":{},"f":{},"b":{},"_coverageSchema":"1a1c01bbd47fc00a2c39e90264f33305004495a9","hash":"d069d20ebbcadf4ac7c9354acd3a6f13381a0c69"}
}
